<?xml version="1.0" encoding="UTF-8"?>
<!-- Generated by org.testng.reporters.JUnitXMLReporter -->
<testsuite hostname="BCATKAR022" ignored="0" name="Surefire test" tests="1" failures="1" timestamp="13 Eyl 2020 16:01:19 GMT" time="28.23" errors="0">
  <testcase name="runScenario" time="27.695" classname="io.cucumber.testng.AbstractTestNGCucumberTests">
    <failure type="java.lang.AssertionError" message="url  assert not equal expected [http://uitest.duodecadits.com/] but found [http://uitest.duodecadits.com/form.html]">
      <![CDATA[java.lang.AssertionError: url  assert not equal expected [http://uitest.duodecadits.com/] but found [http://uitest.duodecadits.com/form.html]
at WebConnector.webconnector.assertEquals(webconnector.java:400)
at ApplicationPages.Homepage.iClickTheHomeButtonGetNavigatedToTheHomePageUrl(Homepage.java:42)
at stepdefs.HomePageSteps.iClickTheHomeButtonGetNavigatedToTheHomePageUrl(HomePageSteps.java:55)
at ✽.I Click the home button get navigated to the Home page url "http://uitest.duodecadits.com/"(file:src/test/resources/features/TestCase.feature:8)
... Removed 5 stack frames]]>
    </failure>
  </testcase> <!-- runScenario -->
</testsuite> <!-- Surefire test -->
