<?xml version="1.0" encoding="UTF-8"?>
<!-- Generated by org.testng.reporters.JUnitReportReporter -->
<testsuite skipped="0" hostname="BCATKAR022" name="runner.HomePageRunner" tests="1" failures="1" timestamp="13 Eyl 2020 16:01:19 GMT" time="27.695" errors="0">
  <testcase name="runScenario" time="27.695" classname="runner.HomePageRunner">
    <failure type="java.lang.AssertionError" message="url  assert not equal expected [http://uitest.duodecadits.com/] but found [http://uitest.duodecadits.com/form.html]">
      <![CDATA[java.lang.AssertionError: url  assert not equal expected [http://uitest.duodecadits.com/] but found [http://uitest.duodecadits.com/form.html]
at org.testng.Assert.fail(Assert.java:96)
at org.testng.Assert.failNotEquals(Assert.java:776)
at org.testng.Assert.assertEqualsImpl(Assert.java:137)
at org.testng.Assert.assertEquals(Assert.java:118)
at org.testng.Assert.assertEquals(Assert.java:453)
at WebConnector.webconnector.assertEquals(webconnector.java:400)
at ApplicationPages.Homepage.iClickTheHomeButtonGetNavigatedToTheHomePageUrl(Homepage.java:42)
at stepdefs.HomePageSteps.iClickTheHomeButtonGetNavigatedToTheHomePageUrl(HomePageSteps.java:55)
at ✽.I Click the home button get navigated to the Home page url "http://uitest.duodecadits.com/"(file:src/test/resources/features/TestCase.feature:8)
]]>
    </failure>
  </testcase> <!-- runScenario -->
</testsuite> <!-- runner.HomePageRunner -->
