<?xml version="1.0" encoding="UTF-8"?>
<testng-results skipped="0" failed="1" ignored="0" total="1" passed="0">
  <reporter-output>
  </reporter-output>
  <suite name="Surefire suite" duration-ms="28230" started-at="2020-09-13T16:00:50Z" finished-at="2020-09-13T16:01:19Z">
    <groups>
      <group name="cucumber">
        <method signature="AbstractTestNGCucumberTests.runScenario(io.cucumber.testng.PickleEventWrapper, io.cucumber.testng.CucumberFeatureWrapper)[pri:0, instance:runner.HomePageRunner@5ae9a829]" name="runScenario" class="io.cucumber.testng.AbstractTestNGCucumberTests"/>
      </group> <!-- cucumber -->
    </groups>
    <test name="Surefire test" duration-ms="28230" started-at="2020-09-13T16:00:50Z" finished-at="2020-09-13T16:01:19Z">
      <class name="runner.HomePageRunner">
        <test-method status="PASS" signature="setUpClass()[pri:0, instance:runner.HomePageRunner@5ae9a829]" name="setUpClass" is-config="true" duration-ms="173" started-at="2020-09-13T16:00:50Z" finished-at="2020-09-13T16:00:50Z">
          <reporter-output>
          </reporter-output>
        </test-method> <!-- setUpClass -->
        <test-method status="PASS" signature="before()[pri:0, instance:runner.HomePageRunner@5ae9a829]" name="before" is-config="true" duration-ms="1" started-at="2020-09-13T16:00:50Z" finished-at="2020-09-13T16:00:50Z">
          <reporter-output>
          </reporter-output>
        </test-method> <!-- before -->
        <test-method status="FAIL" signature="runScenario(io.cucumber.testng.PickleEventWrapper, io.cucumber.testng.CucumberFeatureWrapper)[pri:0, instance:runner.HomePageRunner@5ae9a829]" name="runScenario" duration-ms="27695" started-at="2020-09-13T16:00:51Z" description="Runs Cucumber Scenarios" data-provider="scenarios" finished-at="2020-09-13T16:01:18Z">
          <params>
            <param index="0">
              <value>
                <![CDATA["UITest"]]>
              </value>
            </param>
            <param index="1">
              <value>
                <![CDATA["UITest Scenarios"]]>
              </value>
            </param>
          </params>
          <exception class="java.lang.AssertionError">
            <message>
              <![CDATA[url  assert not equal expected [http://uitest.duodecadits.com/] but found [http://uitest.duodecadits.com/form.html]]]>
            </message>
            <full-stacktrace>
              <![CDATA[java.lang.AssertionError: url  assert not equal expected [http://uitest.duodecadits.com/] but found [http://uitest.duodecadits.com/form.html]
at org.testng.Assert.fail(Assert.java:96)
at org.testng.Assert.failNotEquals(Assert.java:776)
at org.testng.Assert.assertEqualsImpl(Assert.java:137)
at org.testng.Assert.assertEquals(Assert.java:118)
at org.testng.Assert.assertEquals(Assert.java:453)
at WebConnector.webconnector.assertEquals(webconnector.java:400)
at ApplicationPages.Homepage.iClickTheHomeButtonGetNavigatedToTheHomePageUrl(Homepage.java:42)
at stepdefs.HomePageSteps.iClickTheHomeButtonGetNavigatedToTheHomePageUrl(HomePageSteps.java:55)
at ✽.I Click the home button get navigated to the Home page url "http://uitest.duodecadits.com/"(file:src/test/resources/features/TestCase.feature:8)
]]>
            </full-stacktrace>
          </exception> <!-- java.lang.AssertionError -->
          <reporter-output>
          </reporter-output>
        </test-method> <!-- runScenario -->
        <test-method status="PASS" signature="after()[pri:0, instance:runner.HomePageRunner@5ae9a829]" name="after" is-config="true" duration-ms="1" started-at="2020-09-13T16:01:18Z" finished-at="2020-09-13T16:01:18Z">
          <reporter-output>
          </reporter-output>
        </test-method> <!-- after -->
        <test-method status="PASS" signature="tearDownClass()[pri:0, instance:runner.HomePageRunner@5ae9a829]" name="tearDownClass" is-config="true" duration-ms="250" started-at="2020-09-13T16:01:18Z" finished-at="2020-09-13T16:01:18Z">
          <reporter-output>
          </reporter-output>
        </test-method> <!-- tearDownClass -->
      </class> <!-- runner.HomePageRunner -->
    </test> <!-- Surefire test -->
  </suite> <!-- Surefire suite -->
</testng-results>
