<?xml version="1.0" encoding="UTF-8"?>
<testsuite xmlns:xsi="http://www.w3.org/2001/XMLSchema-instance" xsi:noNamespaceSchemaLocation="https://maven.apache.org/surefire/maven-failsafe-plugin/xsd/failsafe-test-report-3.0.xsd" version="3.0" name="runner.HomePageRunner" time="1.478" tests="1" errors="0" skipped="1" failures="0">
  <properties>
[...]
</properties>
  <testcase name="runScenario" classname="runner.HomePageRunner" time="0">
    <skipped message="java.lang.IllegalArgumentException: Not a file or directory: C:\Users\mpektas\Desktop\GitBakalim\cucumberTest\src\test\resources\features\HomePage"/>
    <system-out><![CDATA[Before - 1600009388017
]]></system-out>
    <system-err><![CDATA[[Utils] [ERROR] [Error] java.lang.IllegalArgumentException: Not a file or directory: C:\Users\mpektas\Desktop\GitBakalim\cucumberTest\src\test\resources\features\HomePage
	at cucumber.runtime.io.FileResourceIterator$FileIterator.&lt;init&gt;(FileResourceIterator.java:63)
	at cucumber.runtime.io.FileResourceIterator.&lt;init&gt;(FileResourceIterator.java:28)
	at cucumber.runtime.io.FileResourceIterator.createFileResourceIterator(FileResourceIterator.java:14)
	at cucumber.runtime.io.FileResourceIterable.iterator(FileResourceIterable.java:19)
	at cucumber.runtime.model.FeatureLoader.loadFromFeaturePath(FeatureLoader.java:31)
	at cucumber.runtime.model.FeatureLoader.load(FeatureLoader.java:23)
	at cucumber.runtime.FeaturePathFeatureSupplier.get(FeaturePathFeatureSupplier.java:33)
	at io.cucumber.testng.TestNGCucumberRunner.getFeatures(TestNGCucumberRunner.java:106)
	at io.cucumber.testng.TestNGCucumberRunner.provideScenarios(TestNGCucumberRunner.java:88)
	at io.cucumber.testng.AbstractTestNGCucumberTests.scenarios(AbstractTestNGCucumberTests.java:38)
	at runner.AbstractTestNGCucumberParallelTests.scenarios(AbstractTestNGCucumberParallelTests.java:11)
	at sun.reflect.NativeMethodAccessorImpl.invoke0(Native Method)
	at sun.reflect.NativeMethodAccessorImpl.invoke(NativeMethodAccessorImpl.java:62)
	at sun.reflect.DelegatingMethodAccessorImpl.invoke(DelegatingMethodAccessorImpl.java:43)
	at java.lang.reflect.Method.invoke(Method.java:498)
	at org.testng.internal.MethodInvocationHelper.invokeMethod(MethodInvocationHelper.java:124)
	at org.testng.internal.MethodInvocationHelper.invokeMethod(MethodInvocationHelper.java:74)
	at org.testng.internal.MethodInvocationHelper.invokeMethodNoCheckedException(MethodInvocationHelper.java:45)
	at org.testng.internal.MethodInvocationHelper.invokeDataProvider(MethodInvocationHelper.java:131)
	at org.testng.internal.Parameters.handleParameters(Parameters.java:706)
	at org.testng.internal.ParameterHandler.handleParameters(ParameterHandler.java:49)
	at org.testng.internal.ParameterHandler.createParameters(ParameterHandler.java:37)
	at org.testng.internal.Invoker.invokeTestMethods(Invoker.java:924)
	at org.testng.internal.TestMethodWorker.invokeTestMethods(TestMethodWorker.java:125)
	at org.testng.internal.TestMethodWorker.run(TestMethodWorker.java:109)
	at org.testng.TestRunner.privateRun(TestRunner.java:648)
	at org.testng.TestRunner.run(TestRunner.java:505)
	at org.testng.SuiteRunner.runTest(SuiteRunner.java:455)
	at org.testng.SuiteRunner.runSequentially(SuiteRunner.java:450)
	at org.testng.SuiteRunner.privateRun(SuiteRunner.java:415)
	at org.testng.SuiteRunner.run(SuiteRunner.java:364)
	at org.testng.SuiteRunnerWorker.runSuite(SuiteRunnerWorker.java:52)
	at org.testng.SuiteRunnerWorker.run(SuiteRunnerWorker.java:84)
	at org.testng.TestNG.runSuitesSequentially(TestNG.java:1208)
	at org.testng.TestNG.runSuitesLocally(TestNG.java:1137)
	at org.testng.TestNG.runSuites(TestNG.java:1049)
	at org.testng.TestNG.run(TestNG.java:1017)
	at org.apache.maven.surefire.testng.TestNGExecutor.run(TestNGExecutor.java:135)
	at org.apache.maven.surefire.testng.TestNGDirectoryTestSuite.executeSingleClass(TestNGDirectoryTestSuite.java:112)
	at org.apache.maven.surefire.testng.TestNGDirectoryTestSuite.execute(TestNGDirectoryTestSuite.java:99)
	at org.apache.maven.surefire.testng.TestNGProvider.invoke(TestNGProvider.java:146)
	at org.apache.maven.surefire.booter.ForkedBooter.invokeProviderInSameClassLoader(ForkedBooter.java:384)
	at org.apache.maven.surefire.booter.ForkedBooter.runSuitesInProcess(ForkedBooter.java:345)
	at org.apache.maven.surefire.booter.ForkedBooter.execute(ForkedBooter.java:126)
	at org.apache.maven.surefire.booter.ForkedBooter.main(ForkedBooter.java:418)

]]></system-err>
  </testcase>
</testsuite>