<?xml version="1.0" encoding="UTF-8"?>
<testsuite xmlns:xsi="http://www.w3.org/2001/XMLSchema-instance" xsi:noNamespaceSchemaLocation="https://maven.apache.org/surefire/maven-failsafe-plugin/xsd/failsafe-test-report-3.0.xsd" version="3.0" name="runner.HomePageRunner" time="29.118" tests="1" errors="0" skipped="0" failures="1">
  <properties>
[...]
</properties>
  <testcase name="runScenario" classname="runner.HomePageRunner" time="27.708">
    <failure message="url  assert not equal expected [http://uitest.duodecadits.com/] but found [http://uitest.duodecadits.com/form.html]" type="java.lang.AssertionError">java.lang.AssertionError: url  assert not equal expected [http://uitest.duodecadits.com/] but found [http://uitest.duodecadits.com/form.html]
</failure>
    <system-out><![CDATA[Before - 1600012850951
trueAssert equal to true
is element present
trueAssert equal to true
FORM_BUTTON     click
trueAssert equal to true
is element present
trueAssert equal to true
is element present
trueAssert equal to true
HOME_BUTTON     click
is element present
trueAssert equal to true
is element present
trueAssert equal to true
HOME_BUTTON     click
]]></system-out>
    <system-err><![CDATA[Starting ChromeDriver 85.0.4183.87 (cd6713ebf92fa1cacc0f1a598df280093af0c5d7-refs/branch-heads/4183@{#1689}) on port 10308
Only local connections are allowed.
Please see https://chromedriver.chromium.org/security-considerations for suggestions on keeping ChromeDriver safe.
ChromeDriver was started successfully.
Eyl 13, 2020 7:00:55 PM org.openqa.selenium.remote.ProtocolHandshake createSession
INFO: Detected dialect: W3C
]]></system-err>
  </testcase>
</testsuite>